09-04-2019 09:53  :  ERROR  : Non è stato possibile aggiungere l'utente dal nome  al database
09-04-2019 09:53  :  ERROR : Durante la segnalazione del cambiamento di stato di un evento nel metodo Aggiornatore
09-04-2019 09:54  :  ERROR : Durante la segnalazione del cambiamento di stato di un evento nel metodo Aggiornatore
09-04-2019 09:54  :  ERROR : Durante la segnalazione del cambiamento di stato di un evento nel metodo Aggiornatore
09-04-2019 09:54  :  ERROR : Durante la segnalazione del cambiamento di stato di un evento nel metodo Aggiornatore
09-04-2019 09:54  :  ERROR : Durante la segnalazione del cambiamento di stato di un evento nel metodo Aggiornatore
09-04-2019 09:55  :  ERROR : Durante la segnalazione del cambiamento di stato di un evento nel metodo Aggiornatore
09-04-2019 09:55  :  ERROR : Durante la segnalazione del cambiamento di stato di un evento nel metodo Aggiornatore
09-04-2019 09:55  :  ERROR : Durante la segnalazione del cambiamento di stato di un evento nel metodo Aggiornatore
09-04-2019 09:55  :  ERROR : Durante la segnalazione del cambiamento di stato di un evento nel metodo Aggiornatore
09-04-2019 09:55  :  ERROR  : Non è stato possibile aggiungere l'utente dal nome  al database
09-04-2019 09:55  :  ERROR  : Non è stato possibile aggiungere l'utente dal nome  al database
09-04-2019 09:55  :  ERROR  : Non è stato possibile aggiungere l'utente dal nome  al database
09-04-2019 09:56  :  ERROR : Durante la segnalazione del cambiamento di stato di un evento nel metodo Aggiornatore
09-04-2019 09:56  :  ERROR  : Non è stato possibile aggiungere l'utente dal nome  al database
09-04-2019 10:12  :  ERROR  : Non è stato possibile aggiungere l'utente dal nome samue al database
09-04-2019 10:12  :  ERROR : Durante la segnalazione del cambiamento di stato di un evento nel metodo Aggiornatore
09-04-2019 10:12  :  ERROR : Durante la segnalazione del cambiamento di stato di un evento nel metodo Aggiornatore
09-04-2019 10:12  :  ERROR : Durante la segnalazione del cambiamento di stato di un evento nel metodo Aggiornatore
09-04-2019 10:13  :  ERROR : Durante la segnalazione del cambiamento di stato di un evento nel metodo Aggiornatore
09-04-2019 10:13  :  ERROR : Durante la segnalazione del cambiamento di stato di un evento nel metodo Aggiornatore
09-04-2019 10:13  :  ERROR : Durante la segnalazione del cambiamento di stato di un evento nel metodo Aggiornatore
09-04-2019 10:13  :  ERROR : Durante la segnalazione del cambiamento di stato di un evento nel metodo Aggiornatore
09-04-2019 10:14  :  ERROR : Durante la segnalazione del cambiamento di stato di un evento nel metodo Aggiornatore
09-04-2019 10:14  :  ERROR : Durante la segnalazione del cambiamento di stato di un evento nel metodo Aggiornatore
09-04-2019 10:14  :  ERROR : Durante la segnalazione del cambiamento di stato di un evento nel metodo Aggiornatore
09-04-2019 10:14  :  ERROR : Durante la segnalazione del cambiamento di stato di un evento nel metodo Aggiornatore
09-04-2019 10:15  :  ERROR : Durante la segnalazione del cambiamento di stato di un evento nel metodo Aggiornatore
09-04-2019 10:15  :  ERROR : Durante la segnalazione del cambiamento di stato di un evento nel metodo Aggiornatore
09-04-2019 10:15  :  ERROR : Durante la segnalazione del cambiamento di stato di un evento nel metodo Aggiornatore
09-04-2019 10:16  :  ERROR  : Non è stato possibile aggiungere l'utente dal nome samue al database
09-04-2019 10:16  :  ERROR : Durante la segnalazione del cambiamento di stato di un evento nel metodo Aggiornatore
09-04-2019 10:17  :  ERROR : Durante la segnalazione del cambiamento di stato di un evento nel metodo Aggiornatore
09-04-2019 10:17  :  ERROR : Durante la segnalazione del cambiamento di stato di un evento nel metodo Aggiornatore
09-04-2019 10:17  :  ERROR : Durante la segnalazione del cambiamento di stato di un evento nel metodo Aggiornatore
09-04-2019 10:17  :  ERROR : Durante la segnalazione del cambiamento di stato di un evento nel metodo Aggiornatore
09-04-2019 10:19  :  ERROR : Durante la segnalazione del cambiamento di stato di un evento nel metodo Aggiornatore
09-04-2019 10:19  :  ERROR : Durante la segnalazione del cambiamento di stato di un evento nel metodo Aggiornatore
09-04-2019 10:19  :  ERROR : Durante la segnalazione del cambiamento di stato di un evento nel metodo Aggiornatore
09-04-2019 10:19  :  ERROR : Durante la segnalazione del cambiamento di stato di un evento nel metodo Aggiornatore
09-04-2019 10:20  :  ERROR : Durante la segnalazione del cambiamento di stato di un evento nel metodo Aggiornatore
09-04-2019 10:20  :  ERROR : Durante la segnalazione del cambiamento di stato di un evento nel metodo Aggiornatore
09-04-2019 10:20  :  ERROR : Durante la segnalazione del cambiamento di stato di un evento nel metodo Aggiornatore
09-04-2019 10:20  :  ERROR : Durante la segnalazione del cambiamento di stato di un evento nel metodo Aggiornatore
09-04-2019 10:21  :  ERROR : Durante la segnalazione del cambiamento di stato di un evento nel metodo Aggiornatore
09-04-2019 10:21  :  ERROR : Durante la segnalazione del cambiamento di stato di un evento nel metodo Aggiornatore
09-04-2019 10:21  :  ERROR : Durante la segnalazione del cambiamento di stato di un evento nel metodo Aggiornatore
09-04-2019 10:21  :  ERROR : Durante la segnalazione del cambiamento di stato di un evento nel metodo Aggiornatore
09-04-2019 10:22  :  ERROR : Durante la segnalazione del cambiamento di stato di un evento nel metodo Aggiornatore
09-04-2019 10:22  :  ERROR : Durante la segnalazione del cambiamento di stato di un evento nel metodo Aggiornatore
09-04-2019 10:22  :  ERROR : Durante la segnalazione del cambiamento di stato di un evento nel metodo Aggiornatore
09-04-2019 10:22  :  ERROR : Durante la segnalazione del cambiamento di stato di un evento nel metodo Aggiornatore
09-04-2019 10:23  :  ERROR : Durante la segnalazione del cambiamento di stato di un evento nel metodo Aggiornatore
09-04-2019 10:29  :  ERRORE : Non è stato possibile aggiornare la fascia di età dell'utente samu
09-04-2019 10:29  :  ERRORE : Non è stato possibile aggiornare la fascia di età dell'utente samu
01-08-2019 21:20  :  ERROR  : Non è stato possibile aggiungere l'evento dal nome it.unibs.dii.isw.socialNetworkEventi.model.Campo@55740540 al database
01-08-2019 21:22  :  ERROR  : Non è stato possibile aggiungere l'evento dal nome it.unibs.dii.isw.socialNetworkEventi.model.Campo@3098cf3b al database
01-08-2019 21:28  :  ERROR  : Non è stato possibile aggiungere l'evento dal nome it.unibs.dii.isw.socialNetworkEventi.model.Campo@3098cf3b al database
04-08-2019 12:39  :  ERROR  : Non è stato possibile aggiungere l'evento dal nome it.unibs.dii.isw.socialNetworkEventi.model.Campo@3098cf3b al database
04-08-2019 12:45  :  ERROR  : Non è stato possibile aggiungere l'evento dal nome it.unibs.dii.isw.socialNetworkEventi.model.Campo@3098cf3b al database
04-08-2019 12:50  :  ERROR  : Non è stato possibile aggiungere l'evento dal nome it.unibs.dii.isw.socialNetworkEventi.model.Campo@4bb33f74 al database
04-08-2019 13:01  :  ERROR  : Non è stato possibile aggiungere l'evento dal nome it.unibs.dii.isw.socialNetworkEventi.model.Campo@561b6512 al database
16-08-2019 15:14  :  ERROR  : Non è stato possibile collegare l'utente admin all'evento 395 oppure l'utente era precedentemente già iscritto
17-08-2019 12:27  :  ERROR  : Non è stato possibile collegare l'utente admin all'evento 6 oppure l'utente era precedentemente già iscritto
17-08-2019 12:27  :  ERROR  : Non è stato possibile collegare l'utente tester all'evento 6 oppure l'utente era precedentemente già iscritto
17-08-2019 12:34  :  ERROR  : Non è stato possibile collegare l'utente admin all'evento 8 oppure l'utente era precedentemente già iscritto
17-08-2019 12:34  :  ERROR  : Non è stato possibile collegare l'utente tester all'evento 8 oppure l'utente era precedentemente già iscritto
17-08-2019 12:37  :  ERROR  : Non è stato possibile collegare l'utente admin all'evento 9 oppure l'utente era precedentemente già iscritto
17-08-2019 12:37  :  ERROR  : Non è stato possibile collegare l'utente tester all'evento 9 oppure l'utente era precedentemente già iscritto
17-08-2019 12:40  :  ERROR  : Non è stato possibile collegare l'utente admin all'evento 10 oppure l'utente era precedentemente già iscritto
17-08-2019 12:40  :  ERROR  : Non è stato possibile collegare l'utente tester all'evento 10 oppure l'utente era precedentemente già iscritto
17-08-2019 12:41  :  ERROR  : Non è stato possibile collegare l'utente admin all'evento 11 oppure l'utente era precedentemente già iscritto
17-08-2019 12:41  :  ERROR  : Non è stato possibile collegare l'utente tester all'evento 11 oppure l'utente era precedentemente già iscritto
17-08-2019 12:53  :  ERROR  : Non è stato possibile collegare l'utente admin all'evento 12 oppure l'utente era precedentemente già iscritto
17-08-2019 12:53  :  ERROR  : Non è stato possibile collegare l'utente tester all'evento 12 oppure l'utente era precedentemente già iscritto
17-08-2019 12:55  :  ERROR  : Non è stato possibile collegare l'utente admin all'evento 13 oppure l'utente era precedentemente già iscritto
17-08-2019 12:55  :  ERROR  : Non è stato possibile collegare l'utente tester all'evento 13 oppure l'utente era precedentemente già iscritto
17-08-2019 12:56  :  ERROR  : Non è stato possibile collegare l'utente admin all'evento 14 oppure l'utente era precedentemente già iscritto
17-08-2019 12:56  :  ERROR  : Non è stato possibile collegare l'utente tester all'evento 14 oppure l'utente era precedentemente già iscritto
17-08-2019 12:57  :  ERROR  : Non è stato possibile collegare l'utente admin all'evento 15 oppure l'utente era precedentemente già iscritto
17-08-2019 12:57  :  ERROR  : Non è stato possibile collegare l'utente tester all'evento 15 oppure l'utente era precedentemente già iscritto
17-08-2019 13:06  :  ERROR  : Non è stato possibile collegare l'utente admin all'evento 16 oppure l'utente era precedentemente già iscritto
17-08-2019 13:06  :  ERROR  : Non è stato possibile collegare l'utente tester all'evento 16 oppure l'utente era precedentemente già iscritto
17-08-2019 13:19  :  ERROR  : Non è stato possibile collegare l'utente admin all'evento 17 oppure l'utente era precedentemente già iscritto
17-08-2019 13:19  :  ERROR  : Non è stato possibile collegare l'utente tester all'evento 17 oppure l'utente era precedentemente già iscritto
17-08-2019 13:19  :  ERROR  : Non è stato possibile collegare l'utente admin all'evento 18 oppure l'utente era precedentemente già iscritto
17-08-2019 13:19  :  ERROR  : Non è stato possibile collegare l'utente tester all'evento 18 oppure l'utente era precedentemente già iscritto
17-08-2019 13:23  :  ERROR  : Non è stato possibile collegare l'utente admin all'evento 19 oppure l'utente era precedentemente già iscritto
17-08-2019 13:23  :  ERROR  : Non è stato possibile collegare l'utente tester all'evento 19 oppure l'utente era precedentemente già iscritto
17-08-2019 13:23  :  ERROR  : Non è stato possibile collegare l'utente admin all'evento 20 oppure l'utente era precedentemente già iscritto
17-08-2019 13:23  :  ERROR  : Non è stato possibile collegare l'utente tester all'evento 20 oppure l'utente era precedentemente già iscritto
17-08-2019 13:23  :  ERROR  : Non è stato possibile collegare l'utente tester all'evento 20 oppure l'utente era precedentemente già iscritto
17-08-2019 13:25  :  ERROR  : Non è stato possibile collegare l'utente admin all'evento 21 oppure l'utente era precedentemente già iscritto
17-08-2019 13:25  :  ERROR  : Non è stato possibile collegare l'utente tester all'evento 21 oppure l'utente era precedentemente già iscritto
17-08-2019 13:25  :  ERROR  : Non è stato possibile collegare l'utente admin all'evento 22 oppure l'utente era precedentemente già iscritto
17-08-2019 13:25  :  ERROR  : Non è stato possibile collegare l'utente tester all'evento 22 oppure l'utente era precedentemente già iscritto
17-08-2019 13:25  :  ERROR  : Non è stato possibile collegare l'utente tester all'evento 22 oppure l'utente era precedentemente già iscritto
17-08-2019 13:27  :  ERROR  : Non è stato possibile collegare l'utente admin all'evento 23 oppure l'utente era precedentemente già iscritto
17-08-2019 13:27  :  ERROR  : Non è stato possibile collegare l'utente tester all'evento 23 oppure l'utente era precedentemente già iscritto
17-08-2019 13:28  :  ERROR  : Non è stato possibile collegare l'utente admin all'evento 24 oppure l'utente era precedentemente già iscritto
17-08-2019 13:28  :  ERROR  : Non è stato possibile collegare l'utente tester all'evento 24 oppure l'utente era precedentemente già iscritto
17-08-2019 13:29  :  ERROR  : Non è stato possibile collegare l'utente admin all'evento 25 oppure l'utente era precedentemente già iscritto
17-08-2019 13:29  :  ERROR  : Non è stato possibile collegare l'utente tester all'evento 25 oppure l'utente era precedentemente già iscritto
17-08-2019 13:29  :  ERROR  : Non è stato possibile collegare l'utente tester all'evento 25 oppure l'utente era precedentemente già iscritto
17-08-2019 13:29  :  ERROR  : Non è stato possibile collegare l'utente admin all'evento 26 oppure l'utente era precedentemente già iscritto
17-08-2019 13:29  :  ERROR  : Non è stato possibile collegare l'utente tester all'evento 26 oppure l'utente era precedentemente già iscritto
17-08-2019 13:29  :  ERROR  : Non è stato possibile collegare l'utente tester all'evento 26 oppure l'utente era precedentemente già iscritto
17-08-2019 13:33  :  ERROR  : Non è stato possibile collegare l'utente admin all'evento 27 oppure l'utente era precedentemente già iscritto
17-08-2019 13:33  :  ERROR  : Non è stato possibile collegare l'utente tester all'evento 27 oppure l'utente era precedentemente già iscritto
17-08-2019 13:33  :  ERROR  : Non è stato possibile collegare l'utente admin all'evento 28 oppure l'utente era precedentemente già iscritto
17-08-2019 13:33  :  ERROR  : Non è stato possibile collegare l'utente tester all'evento 28 oppure l'utente era precedentemente già iscritto
17-08-2019 13:33  :  ERROR  : Non è stato possibile collegare l'utente tester all'evento 28 oppure l'utente era precedentemente già iscritto
17-08-2019 13:35  :  ERROR  : Non è stato possibile collegare l'utente admin all'evento 29 oppure l'utente era precedentemente già iscritto
17-08-2019 13:35  :  ERROR  : Non è stato possibile collegare l'utente tester all'evento 29 oppure l'utente era precedentemente già iscritto
17-08-2019 13:35  :  ERROR  : Non è stato possibile collegare l'utente admin all'evento 30 oppure l'utente era precedentemente già iscritto
17-08-2019 13:35  :  ERROR  : Non è stato possibile collegare l'utente tester all'evento 30 oppure l'utente era precedentemente già iscritto
17-08-2019 13:35  :  ERROR  : Non è stato possibile collegare l'utente admin all'evento 31 oppure l'utente era precedentemente già iscritto
17-08-2019 13:35  :  ERROR  : Non è stato possibile collegare l'utente tester all'evento 31 oppure l'utente era precedentemente già iscritto
17-08-2019 13:35  :  ERROR  : Non è stato possibile collegare l'utente tester all'evento 31 oppure l'utente era precedentemente già iscritto
17-08-2019 13:35  :  ERROR  : Non è stato possibile collegare l'utente admin all'evento 32 oppure l'utente era precedentemente già iscritto
17-08-2019 13:35  :  ERROR  : Non è stato possibile collegare l'utente tester all'evento 32 oppure l'utente era precedentemente già iscritto
17-08-2019 13:35  :  ERROR  : Non è stato possibile collegare l'utente tester all'evento 32 oppure l'utente era precedentemente già iscritto
17-08-2019 16:04  :  ERROR  : Non è stato possibile collegare l'utente admin all'evento 33 oppure l'utente era precedentemente già iscritto
17-08-2019 16:04  :  ERROR  : Non è stato possibile collegare l'utente tester all'evento 33 oppure l'utente era precedentemente già iscritto
17-08-2019 16:04  :  ERROR  : Non è stato possibile collegare l'utente admin all'evento 34 oppure l'utente era precedentemente già iscritto
17-08-2019 16:04  :  ERROR  : Non è stato possibile collegare l'utente tester all'evento 34 oppure l'utente era precedentemente già iscritto
17-08-2019 16:04  :  ERROR  : Non è stato possibile collegare l'utente tester all'evento 34 oppure l'utente era precedentemente già iscritto
17-08-2019 16:06  :  ERROR  : Non è stato possibile collegare l'utente admin all'evento 35 oppure l'utente era precedentemente già iscritto
17-08-2019 16:06  :  ERROR  : Non è stato possibile collegare l'utente tester all'evento 35 oppure l'utente era precedentemente già iscritto
17-08-2019 16:06  :  ERROR  : Non è stato possibile collegare l'utente admin all'evento 36 oppure l'utente era precedentemente già iscritto
17-08-2019 16:06  :  ERROR  : Non è stato possibile collegare l'utente tester all'evento 36 oppure l'utente era precedentemente già iscritto
17-08-2019 16:09  :  ERROR  : Non è stato possibile collegare l'utente admin all'evento 37 oppure l'utente era precedentemente già iscritto
17-08-2019 16:09  :  ERROR  : Non è stato possibile collegare l'utente tester all'evento 37 oppure l'utente era precedentemente già iscritto
17-08-2019 16:09  :  ERROR  : Non è stato possibile collegare l'utente admin all'evento 38 oppure l'utente era precedentemente già iscritto
17-08-2019 16:09  :  ERROR  : Non è stato possibile collegare l'utente tester all'evento 38 oppure l'utente era precedentemente già iscritto
17-08-2019 16:15  :  ERROR  : Non è stato possibile collegare l'utente admin all'evento 39 oppure l'utente era precedentemente già iscritto
17-08-2019 16:15  :  ERROR  : Non è stato possibile collegare l'utente tester all'evento 39 oppure l'utente era precedentemente già iscritto
17-08-2019 16:15  :  ERROR  : Non è stato possibile collegare l'utente admin all'evento 40 oppure l'utente era precedentemente già iscritto
17-08-2019 16:15  :  ERROR  : Non è stato possibile collegare l'utente tester all'evento 40 oppure l'utente era precedentemente già iscritto
17-08-2019 16:16  :  ERROR  : Non è stato possibile collegare l'utente admin all'evento 41 oppure l'utente era precedentemente già iscritto
17-08-2019 16:16  :  ERROR  : Non è stato possibile collegare l'utente tester all'evento 41 oppure l'utente era precedentemente già iscritto
17-08-2019 16:16  :  ERROR  : Non è stato possibile collegare l'utente admin all'evento 42 oppure l'utente era precedentemente già iscritto
17-08-2019 16:16  :  ERROR  : Non è stato possibile collegare l'utente tester all'evento 42 oppure l'utente era precedentemente già iscritto
17-08-2019 16:36  :  ERROR  : Non è stato possibile collegare l'utente admin all'evento 43 oppure l'utente era precedentemente già iscritto
17-08-2019 16:36  :  ERROR  : Non è stato possibile collegare l'utente tester all'evento 43 oppure l'utente era precedentemente già iscritto
17-08-2019 16:36  :  ERROR  : Non è stato possibile collegare l'utente admin all'evento 44 oppure l'utente era precedentemente già iscritto
17-08-2019 16:36  :  ERROR  : Non è stato possibile collegare l'utente tester all'evento 44 oppure l'utente era precedentemente già iscritto
