01-04-2019 12:07  :  Effettuato accesso da parte di stefano
01-04-2019 12:18  :  Stato dell'evento con id : 54 passato da VALIDO a APERTO
01-04-2019 12:19  :  Effettuato accesso da parte di giorgio
01-04-2019 12:21  :  Effettuato accesso da parte di giorgio
01-04-2019 12:22  :  Effettuato accesso da parte di stefano
01-04-2019 12:34  :  Effettuato accesso da parte di stefano
01-04-2019 12:45  :  Stato dell'evento con id : 54 passato da APERTO a CHIUSO
01-04-2019 12:45  :  Effettuato accesso da parte di stefano
01-04-2019 12:52  :  Effettuato accesso da parte di stefano
01-04-2019 12:54  :  Stato dell'evento con id : 55 passato da VALIDO a APERTO
01-04-2019 12:54  :  Effettuato accesso da parte di ale
01-04-2019 12:55  :  Stato dell'evento con id : 55 passato da APERTO a CHIUSO
01-04-2019 12:57  :  Stato dell'evento con id : 55 passato da CHIUSO a CONCLUSO
01-04-2019 13:37  :  Effettuato accesso da parte di stefano
01-04-2019 13:37  :  Effettuato accesso da parte di ale
01-04-2019 13:38  :  Stato dell'evento con id : 56 passato da VALIDO a APERTO
01-04-2019 13:40  :  Stato dell'evento con id : 56 passato da APERTO a CHIUSO
01-04-2019 13:43  :  Stato dell'evento con id : 56 passato da CHIUSO a CONCLUSO
01-04-2019 18:53  :  Effettuato accesso da parte di stefano
01-04-2019 18:56  :  Effettuato accesso da parte di stefano
01-04-2019 18:57  :  Effettuato accesso da parte di stefano
01-04-2019 18:57  :  Effettuato accesso da parte di stefano
01-04-2019 19:33  :  Effettuato accesso da parte di stefano
01-04-2019 19:34  :  Effettuato accesso da parte di stefano
01-04-2019 19:35  :  Effettuato accesso da parte di stefano
01-04-2019 19:37  :  Stato dell'evento con id : 57 passato da VALIDO a APERTO
01-04-2019 19:37  :  Effettuato accesso da parte di ale
01-04-2019 19:37  :  Effettuato accesso da parte di giorgio
01-04-2019 19:40  :  Stato dell'evento con id : 57 passato da APERTO a CHIUSO
01-04-2019 19:45  :  Stato dell'evento con id : 58 passato da VALIDO a APERTO
01-04-2019 19:49  :  Effettuato accesso da parte di ale
01-04-2019 19:50  :  Effettuato accesso da parte di giorgio
01-04-2019 19:50  :  Stato dell'evento con id : 58 passato da APERTO a CHIUSO
01-04-2019 19:50  :  Effettuato accesso da parte di stefano
01-04-2019 19:51  :  Effettuato accesso da parte di ale
01-04-2019 19:53  :  Effettuato accesso da parte di ale
01-04-2019 20:36  :  Stato dell'evento con id : 57 passato da CHIUSO a CONCLUSO
01-04-2019 20:36  :  Stato dell'evento con id : 58 passato da CHIUSO a CONCLUSO
01-04-2019 20:50  :  Effettuato accesso da parte di stefano
01-04-2019 20:51  :  Stato dell'evento con id : 59 passato da VALIDO a APERTO
01-04-2019 20:52  :  Effettuato accesso da parte di stefano
01-04-2019 20:54  :  Effettuato accesso da parte di stefano
01-04-2019 20:55  :  Stato dell'evento con id : 59 passato da APERTO a FALLITO
01-04-2019 20:57  :  Stato dell'evento con id : 60 passato da VALIDO a APERTO
01-04-2019 21:00  :  Stato dell'evento con id : 60 passato da APERTO a FALLITO
01-04-2019 21:02  :  Effettuato accesso da parte di stefano
01-04-2019 21:02  :  Stato dell'evento con id : 61 passato da VALIDO a APERTO
01-04-2019 21:05  :  Effettuato accesso da parte di stefano
01-04-2019 21:05  :  Stato dell'evento con id : 62 passato da VALIDO a APERTO
01-04-2019 21:06  :  Effettuato accesso da parte di stefano
01-04-2019 21:06  :  Stato dell'evento con id : 62 passato da APERTO a RITIRATO
01-04-2019 21:07  :  Effettuato accesso da parte di stefano
01-04-2019 21:08  :  Effettuato accesso da parte di stefano
01-04-2019 21:11  :  Effettuato accesso da parte di stefano
01-04-2019 21:11  :  Stato dell'evento con id : 61 passato da APERTO a RITIRATO
01-04-2019 21:11  :  Stato dell'evento con id : 63 passato da VALIDO a APERTO
01-04-2019 21:13  :  Effettuato accesso da parte di giorgio
01-04-2019 21:14  :  Effettuato accesso da parte di ale
01-04-2019 21:15  :  Stato dell'evento con id : 63 passato da APERTO a CHIUSO
01-04-2019 21:23  :  Effettuato accesso da parte di ale
01-04-2019 21:23  :  Effettuato accesso da parte di ale
01-04-2019 21:24  :  Effettuato accesso da parte di stefano
01-04-2019 21:24  :  Effettuato accesso da parte di ale
01-04-2019 21:25  :  Effettuato accesso da parte di ale
01-04-2019 21:30  :  Effettuato accesso da parte di ale
01-04-2019 21:31  :  Effettuato accesso da parte di stefano
01-04-2019 21:31  :  Effettuato accesso da parte di ale
01-04-2019 21:33  :  Effettuato accesso da parte di stefano
01-04-2019 21:33  :  Effettuato accesso da parte di stefano
01-04-2019 21:34  :  Effettuato accesso da parte di stefano
01-04-2019 21:34  :  Effettuato accesso da parte di stefano
01-04-2019 21:35  :  Effettuato accesso da parte di stefano
01-04-2019 21:35  :  Effettuato accesso da parte di stefano
01-04-2019 21:42  :  Effettuato accesso da parte di stefano
01-04-2019 21:43  :  Effettuato accesso da parte di stefano
01-04-2019 21:44  :  Effettuato accesso da parte di stefano
01-04-2019 21:45  :  Effettuato accesso da parte di ale
01-04-2019 21:46  :  Effettuato accesso da parte di stefano
01-04-2019 21:47  :  Effettuato accesso da parte di stefano
01-04-2019 21:48  :  Effettuato accesso da parte di stefano
01-04-2019 21:48  :  Effettuato accesso da parte di stefano
01-04-2019 21:49  :  Effettuato accesso da parte di stefano
01-04-2019 21:55  :  Effettuato accesso da parte di stefano
01-04-2019 21:56  :  Effettuato accesso da parte di stefano
01-04-2019 21:57  :  Effettuato accesso da parte di stefano
01-04-2019 21:57  :  Effettuato accesso da parte di stefano
01-04-2019 21:59  :  Effettuato accesso da parte di stefano
01-04-2019 21:59  :  Effettuato accesso da parte di stefano
01-04-2019 22:00  :  Effettuato accesso da parte di stefano
01-04-2019 22:01  :  Effettuato accesso da parte di stefano
01-04-2019 22:01  :  Effettuato accesso da parte di stefano
01-04-2019 22:04  :  Effettuato accesso da parte di stefano
01-04-2019 22:05  :  Effettuato accesso da parte di stefano
01-04-2019 22:09  :  Effettuato accesso da parte di stefano
01-04-2019 22:12  :  Effettuato accesso da parte di stefano
01-04-2019 22:13  :  Effettuato accesso da parte di ale
01-04-2019 22:16  :  Effettuato accesso da parte di stefano
01-04-2019 22:16  :  Effettuato accesso da parte di stefano
01-04-2019 22:18  :  Effettuato accesso da parte di stefano
01-04-2019 22:19  :  Effettuato accesso da parte di stefano
01-04-2019 22:20  :  Effettuato accesso da parte di stefano
01-04-2019 22:24  :  Effettuato accesso da parte di stefano
01-04-2019 22:24  :  Effettuato accesso da parte di stefano
01-04-2019 22:26  :  Effettuato accesso da parte di stefano
01-04-2019 22:27  :  Effettuato accesso da parte di stefano
01-04-2019 22:27  :  Effettuato accesso da parte di stefano
